<?xml version="1.0" encoding="UTF-8"?>
<testsuite xmlns:xsi="http://www.w3.org/2001/XMLSchema-instance" xsi:noNamespaceSchemaLocation="https://maven.apache.org/surefire/maven-surefire-plugin/xsd/surefire-test-report.xsd" name="com.bridgelabz.userservice.FundooNoteTest" time="12.179" tests="2" errors="0" skipped="0" failures="0">
  <properties>
[...]
</properties>
  <testcase name="executeUserRegistrationTestCases" classname="com.bridgelabz.userservice.FundooNoteTest" time="0.232"/>
  <testcase name="executeUserLoginTestCases" classname="com.bridgelabz.userservice.FundooNoteTest" time="0.106"/>
</testsuite>